<?xml version="1.0" encoding="UTF-8"?>
<testsuite name="demo.StackImplSpec" tests="7" skipped="1" failures="0" errors="0" timestamp="2019-03-06T07:00:38" hostname="zack" time="0.032">
  <properties/>
  <testcase name="Testing push() for success" classname="demo.StackImplSpec" time="0.013"/>
  <testcase name="testing push() for failure" classname="demo.StackImplSpec" time="0.0">
    <skipped/>
  </testcase>
  <testcase name="Testing pop() for single item[0]" classname="demo.StackImplSpec" time="0.002"/>
  <testcase name="Testing pop() for single item[1]" classname="demo.StackImplSpec" time="0.001"/>
  <testcase name="Testing pop() for multiple item: 1" classname="demo.StackImplSpec" time="0.001"/>
  <testcase name="Testing pop() for multiple item: 2" classname="demo.StackImplSpec" time="0.0"/>
  <testcase name="Tesing push for exception" classname="demo.StackImplSpec" time="0.011"/>
  <system-out><![CDATA[]]></system-out>
  <system-err><![CDATA[]]></system-err>
</testsuite>
